<?xml version="1.0" encoding="UTF-8"?>
<testng-results ignored="0" total="5" passed="4" failed="1" skipped="0">
  <reporter-output>
  </reporter-output>
  <suite started-at="2022-12-11T13:14:43 IST" name="Suite" finished-at="2022-12-11T13:15:54 IST" duration-ms="70745">
    <groups>
      <group name="purchase">
        <method signature="SubmitOrderTest.submitOrder(java.util.HashMap)[pri:0, instance:EndToEndFramework.tests.SubmitOrderTest@2c78d320]" name="submitOrder" class="EndToEndFramework.tests.SubmitOrderTest"/>
      </group> <!-- purchase -->
      <group name="ErroHandling">
        <method signature="ErrorValidationsTest.validateMesssage()[pri:0, instance:EndToEndFramework.tests.ErrorValidationsTest@38aa816f]" name="validateMesssage" class="EndToEndFramework.tests.ErrorValidationsTest"/>
      </group> <!-- ErroHandling -->
    </groups>
    <test started-at="2022-12-11T13:14:43 IST" name="Error Validations Test" finished-at="2022-12-11T13:15:21 IST" duration-ms="37734">
      <class name="EndToEndFramework.tests.ErrorValidationsTest">
        <test-method is-config="true" signature="launchApplication()[pri:0, instance:EndToEndFramework.tests.ErrorValidationsTest@38aa816f]" started-at="2022-12-11T13:14:43 IST" name="launchApplication" finished-at="2022-12-11T13:14:53 IST" duration-ms="9595" status="PASS">
          <reporter-output>
          </reporter-output>
        </test-method> <!-- launchApplication -->
        <test-method signature="productErrorValidation()[pri:0, instance:EndToEndFramework.tests.ErrorValidationsTest@38aa816f]" started-at="2022-12-11T13:14:53 IST" name="productErrorValidation" finished-at="2022-12-11T13:15:12 IST" duration-ms="18860" status="PASS">
          <reporter-output>
          </reporter-output>
        </test-method> <!-- productErrorValidation -->
        <test-method is-config="true" signature="closeBrowser()[pri:0, instance:EndToEndFramework.tests.ErrorValidationsTest@38aa816f]" started-at="2022-12-11T13:15:12 IST" name="closeBrowser" finished-at="2022-12-11T13:15:14 IST" duration-ms="2463" status="PASS">
          <reporter-output>
          </reporter-output>
        </test-method> <!-- closeBrowser -->
        <test-method is-config="true" signature="launchApplication()[pri:0, instance:EndToEndFramework.tests.ErrorValidationsTest@38aa816f]" started-at="2022-12-11T13:15:14 IST" name="launchApplication" finished-at="2022-12-11T13:15:19 IST" duration-ms="5025" status="PASS">
          <reporter-output>
          </reporter-output>
        </test-method> <!-- launchApplication -->
        <test-method signature="validateMesssage()[pri:0, instance:EndToEndFramework.tests.ErrorValidationsTest@38aa816f]" started-at="2022-12-11T13:15:19 IST" name="validateMesssage" finished-at="2022-12-11T13:15:20 IST" duration-ms="1165" status="PASS">
          <reporter-output>
          </reporter-output>
        </test-method> <!-- validateMesssage -->
        <test-method is-config="true" signature="closeBrowser()[pri:0, instance:EndToEndFramework.tests.ErrorValidationsTest@38aa816f]" started-at="2022-12-11T13:15:20 IST" name="closeBrowser" finished-at="2022-12-11T13:15:21 IST" duration-ms="524" status="PASS">
          <reporter-output>
          </reporter-output>
        </test-method> <!-- closeBrowser -->
      </class> <!-- EndToEndFramework.tests.ErrorValidationsTest -->
    </test> <!-- Error Validations Test -->
    <test started-at="2022-12-11T13:14:43 IST" name="Submit Order Test" finished-at="2022-12-11T13:15:54 IST" duration-ms="70745">
      <class name="EndToEndFramework.tests.SubmitOrderTest">
        <test-method is-config="true" signature="launchApplication()[pri:0, instance:EndToEndFramework.tests.SubmitOrderTest@2c78d320]" started-at="2022-12-11T13:14:44 IST" name="launchApplication" finished-at="2022-12-11T13:14:52 IST" duration-ms="8346" status="PASS">
          <reporter-output>
          </reporter-output>
        </test-method> <!-- launchApplication -->
        <test-method signature="submitOrder(java.util.HashMap)[pri:0, instance:EndToEndFramework.tests.SubmitOrderTest@2c78d320]" started-at="2022-12-11T13:14:52 IST" name="submitOrder" data-provider="getData" finished-at="2022-12-11T13:15:12 IST" duration-ms="19471" status="PASS">
          <params>
            <param index="0">
              <value>
                <![CDATA[{password=Mahi@22748081, product=ADIDAS ORIGINAL, email=maheshharangule02@gmail.com}]]>
              </value>
            </param>
          </params>
          <reporter-output>
          </reporter-output>
        </test-method> <!-- submitOrder -->
        <test-method is-config="true" signature="closeBrowser()[pri:0, instance:EndToEndFramework.tests.SubmitOrderTest@2c78d320]" started-at="2022-12-11T13:15:12 IST" name="closeBrowser" finished-at="2022-12-11T13:15:12 IST" duration-ms="622" status="PASS">
          <reporter-output>
          </reporter-output>
        </test-method> <!-- closeBrowser -->
        <test-method is-config="true" signature="launchApplication()[pri:0, instance:EndToEndFramework.tests.SubmitOrderTest@2c78d320]" started-at="2022-12-11T13:15:12 IST" name="launchApplication" finished-at="2022-12-11T13:15:17 IST" duration-ms="4560" status="PASS">
          <reporter-output>
          </reporter-output>
        </test-method> <!-- launchApplication -->
        <test-method signature="submitOrder(java.util.HashMap)[pri:0, instance:EndToEndFramework.tests.SubmitOrderTest@2c78d320]" started-at="2022-12-11T13:15:17 IST" name="submitOrder" data-provider="getData" finished-at="2022-12-11T13:15:36 IST" duration-ms="18953" status="PASS">
          <params>
            <param index="0">
              <value>
                <![CDATA[{password=Iamking@000, product=ZARA COAT 3, email=anshika@gmail.com}]]>
              </value>
            </param>
          </params>
          <reporter-output>
          </reporter-output>
        </test-method> <!-- submitOrder -->
        <test-method is-config="true" signature="closeBrowser()[pri:0, instance:EndToEndFramework.tests.SubmitOrderTest@2c78d320]" started-at="2022-12-11T13:15:36 IST" name="closeBrowser" finished-at="2022-12-11T13:15:37 IST" duration-ms="1415" status="PASS">
          <reporter-output>
          </reporter-output>
        </test-method> <!-- closeBrowser -->
        <test-method is-config="true" signature="launchApplication()[pri:0, instance:EndToEndFramework.tests.SubmitOrderTest@2c78d320]" started-at="2022-12-11T13:15:37 IST" name="launchApplication" finished-at="2022-12-11T13:15:41 IST" duration-ms="3813" status="PASS">
          <reporter-output>
          </reporter-output>
        </test-method> <!-- launchApplication -->
        <test-method signature="orderHistoryTest()[pri:0, instance:EndToEndFramework.tests.SubmitOrderTest@2c78d320]" started-at="2022-12-11T13:15:41 IST" name="orderHistoryTest" finished-at="2022-12-11T13:15:53 IST" depends-on-methods="EndToEndFramework.tests.SubmitOrderTest.submitOrder" duration-ms="12115" status="FAIL">
          <exception class="org.openqa.selenium.TimeoutException">
            <message>
              <![CDATA[Expected condition failed: waiting for visibility of all elements located by By.cssSelector: tr td:nth-child(3) (tried for 10 second(s) with 500 milliseconds interval)
Build info: version: '4.6.0', revision: '79f1c02ae20'
System info: os.name: 'Windows 10', os.arch: 'amd64', os.version: '10.0', java.version: '17.0.3'
Driver info: org.openqa.selenium.chrome.ChromeDriver
Capabilities {acceptInsecureCerts: false, browserName: chrome, browserVersion: 108.0.5359.94, chrome: {chromedriverVersion: 108.0.5359.71 (1e0e3868ee06..., userDataDir: C:\Users\mahes\AppData\Loca...}, goog:chromeOptions: {debuggerAddress: localhost:50034}, networkConnectionEnabled: false, pageLoadStrategy: normal, platformName: WINDOWS, proxy: Proxy(), se:cdp: ws://localhost:50034/devtoo..., se:cdpVersion: 108.0.5359.94, setWindowRect: true, strictFileInteractability: false, timeouts: {implicit: 0, pageLoad: 300000, script: 30000}, unhandledPromptBehavior: dismiss and notify, webauthn:extension:credBlob: true, webauthn:extension:largeBlob: true, webauthn:virtualAuthenticators: true}
Session ID: 5cd0c0f00f23077ea14c050368d79e3c]]>
            </message>
            <full-stacktrace>
              <![CDATA[org.openqa.selenium.TimeoutException: Expected condition failed: waiting for visibility of all elements located by By.cssSelector: tr td:nth-child(3) (tried for 10 second(s) with 500 milliseconds interval)
Build info: version: '4.6.0', revision: '79f1c02ae20'
System info: os.name: 'Windows 10', os.arch: 'amd64', os.version: '10.0', java.version: '17.0.3'
Driver info: org.openqa.selenium.chrome.ChromeDriver
Capabilities {acceptInsecureCerts: false, browserName: chrome, browserVersion: 108.0.5359.94, chrome: {chromedriverVersion: 108.0.5359.71 (1e0e3868ee06..., userDataDir: C:\Users\mahes\AppData\Loca...}, goog:chromeOptions: {debuggerAddress: localhost:50034}, networkConnectionEnabled: false, pageLoadStrategy: normal, platformName: WINDOWS, proxy: Proxy(), se:cdp: ws://localhost:50034/devtoo..., se:cdpVersion: 108.0.5359.94, setWindowRect: true, strictFileInteractability: false, timeouts: {implicit: 0, pageLoad: 300000, script: 30000}, unhandledPromptBehavior: dismiss and notify, webauthn:extension:credBlob: true, webauthn:extension:largeBlob: true, webauthn:virtualAuthenticators: true}
Session ID: 5cd0c0f00f23077ea14c050368d79e3c
at org.openqa.selenium.support.ui.WebDriverWait.timeoutException(WebDriverWait.java:87)
at org.openqa.selenium.support.ui.FluentWait.until(FluentWait.java:231)
at EndToEndFramework.AbstractComponents.AbstractComponent.waitforElementToAppear(AbstractComponent.java:43)
at EndToEndFramework.pageobjects.OrdersPage.verifyOrderDisplay(OrdersPage.java:29)
at EndToEndFramework.tests.SubmitOrderTest.orderHistoryTest(SubmitOrderTest.java:43)
at java.base/jdk.internal.reflect.NativeMethodAccessorImpl.invoke0(Native Method)
at java.base/jdk.internal.reflect.NativeMethodAccessorImpl.invoke(NativeMethodAccessorImpl.java:77)
at java.base/jdk.internal.reflect.DelegatingMethodAccessorImpl.invoke(DelegatingMethodAccessorImpl.java:43)
at java.base/java.lang.reflect.Method.invoke(Method.java:568)
at org.testng.internal.MethodInvocationHelper.invokeMethod(MethodInvocationHelper.java:133)
at org.testng.internal.TestInvoker.invokeMethod(TestInvoker.java:598)
at org.testng.internal.TestInvoker.invokeTestMethod(TestInvoker.java:173)
at org.testng.internal.MethodRunner.runInSequence(MethodRunner.java:46)
at org.testng.internal.TestInvoker$MethodInvocationAgent.invoke(TestInvoker.java:824)
at org.testng.internal.TestInvoker.invokeTestMethods(TestInvoker.java:146)
at org.testng.internal.TestMethodWorker.invokeTestMethods(TestMethodWorker.java:146)
at org.testng.internal.TestMethodWorker.run(TestMethodWorker.java:128)
at java.base/java.util.ArrayList.forEach(ArrayList.java:1511)
at org.testng.TestRunner.privateRun(TestRunner.java:794)
at org.testng.TestRunner.run(TestRunner.java:596)
at org.testng.SuiteRunner.runTest(SuiteRunner.java:377)
at org.testng.SuiteRunner.access$000(SuiteRunner.java:28)
at org.testng.SuiteRunner$SuiteWorker.run(SuiteRunner.java:418)
at org.testng.internal.thread.ThreadUtil.lambda$execute$0(ThreadUtil.java:64)
at java.base/java.util.concurrent.FutureTask.run(FutureTask.java:264)
at java.base/java.util.concurrent.ThreadPoolExecutor.runWorker(ThreadPoolExecutor.java:1136)
at java.base/java.util.concurrent.ThreadPoolExecutor$Worker.run(ThreadPoolExecutor.java:635)
at java.base/java.lang.Thread.run(Thread.java:833)
]]>
            </full-stacktrace>
          </exception> <!-- org.openqa.selenium.TimeoutException -->
          <reporter-output>
          </reporter-output>
        </test-method> <!-- orderHistoryTest -->
        <test-method is-config="true" signature="closeBrowser()[pri:0, instance:EndToEndFramework.tests.SubmitOrderTest@2c78d320]" started-at="2022-12-11T13:15:53 IST" name="closeBrowser" finished-at="2022-12-11T13:15:54 IST" duration-ms="364" status="PASS">
          <reporter-output>
          </reporter-output>
        </test-method> <!-- closeBrowser -->
      </class> <!-- EndToEndFramework.tests.SubmitOrderTest -->
    </test> <!-- Submit Order Test -->
  </suite> <!-- Suite -->
</testng-results>
