<?xml version="1.0" encoding="UTF-8"?>
<!-- Generated by org.testng.reporters.JUnitXMLReporter -->
<testsuite ignored="0" hostname="DESKTOP-8PN6J7Q" failures="0" tests="2" name="Error Validations Test" time="37.734" errors="0" timestamp="2022-12-11T13:15:21 IST">
  <testcase classname="EndToEndFramework.tests.ErrorValidationsTest" name="productErrorValidation" time="18.86"/>
  <testcase classname="EndToEndFramework.tests.ErrorValidationsTest" name="validateMesssage" time="1.165"/>
</testsuite> <!-- Error Validations Test -->
