<?xml version="1.0" encoding="UTF-8"?>
<!-- Generated by org.testng.reporters.JUnitXMLReporter -->
<testsuite ignored="0" hostname="DESKTOP-8PN6J7Q" failures="0" tests="2" name="Default test" time="33.635" errors="0" timestamp="2022-12-11T13:13:15 IST">
  <testcase classname="EndToEndFramework.tests.ErrorValidationsTest" name="productErrorValidation" time="17.768"/>
  <testcase classname="EndToEndFramework.tests.ErrorValidationsTest" name="validateMesssage" time="1.129"/>
</testsuite> <!-- Default test -->
